{"level":"error","message":"Error al intentar obtener la versión de la aplicación.","timestamp":"2024-10-08 09:28"}
{"level":"error","message":"Error al intentar obtener la versión de la aplicación.","timestamp":"2024-10-08 09:30"}
{"level":"error","message":"Error al intentar obtener la versión de la aplicación.","timestamp":"2024-10-08 09:31"}
{"level":"error","message":"Error al intentar obtener la versión de la aplicación.","timestamp":"2024-10-08 09:31"}
{"level":"error","message":"Error al intentar obtener la versión de la aplicación. TypeError: Invalid URL","timestamp":"2024-10-08 09:32"}
{"level":"error","message":"Error al intentar obtener la versión de la aplicación. TypeError: Invalid URL","timestamp":"2024-10-08 09:33"}
{"level":"error","message":"Error al intentar obtener la versión de la aplicación. TypeError: Invalid URL","timestamp":"2024-10-08 09:35"}
{"level":"error","message":"Error al intentar obtener la versión de la aplicación. TypeError: Converting circular structure to JSON\n    --> starting at object with constructor 'ClientRequest'\n    |     property 'res' -> object with constructor 'IncomingMessage'\n    --- property 'req' closes the circle","timestamp":"2024-10-08 09:36"}
{"level":"error","message":"Error al intentar obtener la versión de la aplicación. TypeError: Converting circular structure to JSON\n    --> starting at object with constructor 'ClientRequest'\n    |     property 'res' -> object with constructor 'IncomingMessage'\n    --- property 'req' closes the circle","timestamp":"2024-10-08 09:36"}
{"level":"error","message":"Error al intentar obtener la versión de la aplicación. TypeError: Converting circular structure to JSON\n    --> starting at object with constructor 'ClientRequest'\n    |     property 'res' -> object with constructor 'IncomingMessage'\n    --- property 'req' closes the circle","timestamp":"2024-10-08 09:37"}
{"level":"error","message":"Error al intentar obtener la versión de la aplicación. TypeError: Converting circular structure to JSON\n    --> starting at object with constructor 'ClientRequest'\n    |     property 'res' -> object with constructor 'IncomingMessage'\n    --- property 'req' closes the circle","timestamp":"2024-10-08 09:40"}
{"level":"error","message":"Error al intentar descargar la actualizacion. TypeError: Invalid URL","timestamp":"2024-10-08 13:06"}
{"level":"error","message":"Error en el proceso de actualización: Can't find end of central directory : is this a zip file ? If it is, see https://stuk.github.io/jszip/documentation/howto/read_zip.html","timestamp":"2024-10-09 18:46"}
{"level":"error","message":"Error al intentar verificar la terminal del cliente 43797231. ","timestamp":"2024-10-10 11:39"}
{"level":"error","message":"Error al intentar verificar el cliente con el DNI 58558565. ","timestamp":"2024-10-10 21:59"}
{"level":"error","message":"Error al intentar verificar el cliente con el DNI 58558565. ","timestamp":"2024-10-10 21:59"}
{"level":"error","message":"Error al intentar obtener la terminal asociada al cliente :43797231. Request failed with status code 500","timestamp":"2024-10-10 22:57"}
{"level":"error","message":"Error al intentar obtener la habilitacion de terminal asociada al cliente 43797231. Request failed with status code 404","timestamp":"2024-10-10 23:16"}
{"level":"error","message":"Error al intentar obtener la habilitacion de terminal asociada al cliente 43797231. Request failed with status code 404","timestamp":"2024-10-10 23:17"}
{"level":"error","message":"Error al intentar obtener la habilitacion de terminal asociada al cliente 43797231. Converting circular structure to JSON\n    --> starting at object with constructor 'ClientRequest'\n    |     property 'res' -> object with constructor 'IncomingMessage'\n    --- property 'req' closes the circle","timestamp":"2024-10-10 23:18"}
{"level":"error","message":"Error al intentar obtener la habilitacion de terminal asociada al cliente 43797231. Converting circular structure to JSON\n    --> starting at object with constructor 'ClientRequest'\n    |     property 'res' -> object with constructor 'IncomingMessage'\n    --- property 'req' closes the circle","timestamp":"2024-10-10 23:18"}
{"level":"error","message":"Error al intentar obtener la terminal asociada al cliente 43797231. Request failed with status code 500","timestamp":"2024-10-11 09:42"}
{"level":"error","message":"Error al intentar obtener la versión de la aplicación. AggregateError","timestamp":"2024-11-11 12:27"}
{"level":"error","message":"Error al intentar obtener la versión de la aplicación. AggregateError","timestamp":"2024-11-11 12:29"}
{"level":"error","message":"Error al intentar obtener la versión de la aplicación. AggregateError","timestamp":"2024-11-11 21:33"}
{"level":"error","message":"Error al intentar obtener la versión de la aplicación. AggregateError","timestamp":"2024-11-11 21:37"}
{"level":"error","message":"Error al intentar obtener la versión de la aplicación. AggregateError","timestamp":"2024-11-11 22:23"}
{"level":"error","message":"Error al intentar obtener la versión de la aplicación. AggregateError","timestamp":"2024-11-11 22:24"}
{"level":"error","message":"Error al intentar obtener la versión de la aplicación. AggregateError","timestamp":"2024-11-11 22:25"}
{"level":"error","message":"Error al intentar obtener la versión de la aplicación. AggregateError","timestamp":"2024-11-11 22:26"}
{"level":"error","message":"Error al intentar obtener la versión de la aplicación. AggregateError","timestamp":"2024-11-11 22:26"}
{"level":"error","message":"Error al intentar obtener la versión de la aplicación. AggregateError","timestamp":"2024-11-11 22:26"}
{"level":"error","message":"Error al intentar obtener la versión de la aplicación. AggregateError","timestamp":"2024-11-11 22:27"}
{"level":"error","message":"Error al intentar obtener la versión de la aplicación. AggregateError","timestamp":"2024-11-11 22:28"}
{"level":"error","message":"Error al intentar obtener la versión de la aplicación. AggregateError","timestamp":"2024-11-11 22:29"}
{"level":"error","message":"Error al intentar obtener la versión de la aplicación. AggregateError","timestamp":"2024-11-11 22:29"}
{"level":"error","message":"Error al intentar obtener la versión de la aplicación. AggregateError","timestamp":"2024-11-11 22:30"}
{"level":"error","message":"Error al intentar obtener la versión de la aplicación. AggregateError","timestamp":"2024-11-11 22:31"}
{"level":"error","message":"Error al intentar obtener la versión de la aplicación. AggregateError","timestamp":"2024-11-11 22:31"}
{"level":"error","message":"Error al intentar obtener la versión de la aplicación. AggregateError","timestamp":"2024-11-11 22:41"}
{"level":"error","message":"Error al intentar obtener la versión de la aplicación. AggregateError","timestamp":"2024-11-11 22:42"}
{"level":"error","message":"Error al intentar obtener la versión de la aplicación. AggregateError","timestamp":"2024-11-11 22:42"}
{"level":"error","message":"Error al intentar obtener la versión de la aplicación. AggregateError","timestamp":"2024-11-11 22:43"}
{"level":"error","message":"Error al intentar obtener la versión de la aplicación. AggregateError","timestamp":"2024-11-11 22:43"}
{"level":"error","message":"Error al intentar obtener la terminal asociada al cliente 43797231. ","timestamp":"2024-11-11 22:44"}
{"level":"error","message":"Error al intentar obtener la terminal asociada al cliente 43797231. ","timestamp":"2024-11-11 22:48"}
{"level":"error","message":"Error al intentar obtener la versión de la aplicación. AggregateError","timestamp":"2024-11-11 22:48"}
{"level":"error","message":"Error al intentar iniciar los procesos de respaldo. Access denied for user 'root'@'localhost' (using password: YES)","timestamp":"2024-11-18 13:41"}
{"level":"error","message":"Error al intentar iniciar los procesos de respaldo. Access denied for user 'root'@'localhost' (using password: YES)","timestamp":"2025-01-16 21:17"}
{"level":"error","message":"Error al intentar obtener parametros. Access denied for user 'root'@'localhost' (using password: YES)","timestamp":"2025-01-16 21:19"}
{"level":"error","message":"Error al intentar obtener parametros. Access denied for user 'root'@'localhost' (using password: YES)","timestamp":"2025-01-16 21:19"}
{"level":"error","message":"Error al obtener el listado de clientes. Access denied for user 'root'@'localhost' (using password: YES)","timestamp":"2025-01-16 21:19"}
{"level":"error","message":"Error intentando buscar productos. filtro.valor.toLower is not a function","timestamp":"2025-01-22 22:34"}
{"level":"error","message":"Error intentando buscar productos. filtro.valor.toString(...).toLower is not a function","timestamp":"2025-01-22 22:35"}
{"level":"error","message":"Error intentando buscar productos. You have an error in your SQL syntax; check the manual that corresponds to your MySQL server version for the right syntax to use near '&l&' at line 1","timestamp":"2025-01-22 22:38"}
{"level":"error","message":"Error intentando buscar productos. Unknown column 'asd' in 'where clause'","timestamp":"2025-01-25 13:45"}
{"level":"error","message":"Error intentando buscar productos. Unknown column 'kjbh' in 'where clause'","timestamp":"2025-01-25 13:50"}
{"level":"error","message":"Error intentando buscar productos. Unknown column 'kjbh' in 'where clause'","timestamp":"2025-01-25 13:50"}
{"level":"error","message":"Error intentando buscar productos. Unknown column 'kjbh' in 'where clause'","timestamp":"2025-01-25 13:51"}
{"level":"error","message":"Error intentando buscar productos. Unknown column 'kjbh' in 'where clause'","timestamp":"2025-01-25 13:51"}
{"level":"error","message":"Error intentando buscar productos. Unknown column 'kjbh' in 'where clause'","timestamp":"2025-01-25 13:51"}
{"level":"error","message":"Error intentando buscar productos. Unknown column 'kjbh' in 'where clause'","timestamp":"2025-01-25 13:51"}
{"level":"error","message":"Error intentando buscar productos. Unknown column 'kjbh' in 'where clause'","timestamp":"2025-01-25 13:51"}
{"level":"error","message":"Error intentando buscar productos. Unknown column 'kjbh' in 'where clause'","timestamp":"2025-01-25 13:51"}
{"level":"error","message":"Error al intentar iniciar los procesos de respaldo. connect ECONNREFUSED 127.0.0.1:3306","timestamp":"2025-01-27 20:58"}
{"level":"error","message":"Error al intentar iniciar los procesos de respaldo. connect ECONNREFUSED 127.0.0.1:3306","timestamp":"2025-01-28 21:14"}
